# JRE version: OpenJDK Runtime Environment (8.0_242-b01) (build 1.8.0_242-release-1644-b01)
# Java VM: OpenJDK 64-Bit Server VM (25.242-b01 mixed mode windows-amd64 compressed oops)
Heap:
 PSYoungGen      total 342528K, used 47515K [0x00000000d5580000, 0x00000000ec100000, 0x0000000100000000)
  eden space 324096K, 14% used [0x00000000d5580000,0x00000000d83e6f10,0x00000000e9200000)
  from space 18432K, 0% used [0x00000000eaa00000,0x00000000eaa00000,0x00000000ebc00000)
  to   space 24064K, 0% used [0x00000000e9200000,0x00000000e9200000,0x00000000ea980000)
 ParOldGen       total 216064K, used 37026K [0x0000000080000000, 0x000000008d300000, 0x00000000d5580000)
  object space 216064K, 17% used [0x0000000080000000,0x0000000082428ba8,0x000000008d300000)
 Metaspace       used 59453K, capacity 61851K, committed 62232K, reserved 1103872K
  class space    used 8219K, capacity 8703K, committed 8752K, reserved 1048576K
GC Heap History (10 events):
Event: 2.139 GC heap before
{Heap before GC invocations=7 (full 1):
 PSYoungGen      total 141824K, used 42346K [0x00000000d5580000, 0x00000000e4a00000, 0x0000000100000000)
  eden space 131072K, 24% used [0x00000000d5580000,0x00000000d745cb40,0x00000000dd580000)
  from space 10752K, 99% used [0x00000000dd580000,0x00000000ddffdf80,0x00000000de000000)
  to   space 15872K, 0% used [0x00000000e3a80000,0x00000000e3a80000,0x00000000e4a00000)
 ParOldGen       total 93184K, used 10328K [0x0000000080000000, 0x0000000085b00000, 0x00000000d5580000)
  object space 93184K, 11% used [0x0000000080000000,0x0000000080a16008,0x0000000085b00000)
 Metaspace       used 34359K, capacity 35432K, committed 35496K, reserved 1079296K
  class space    used 4736K, capacity 5007K, committed 5040K, reserved 1048576K
Event: 2.143 GC heap after
Heap after GC invocations=7 (full 1):
 PSYoungGen      total 235008K, used 8362K [0x00000000d5580000, 0x00000000e4a00000, 0x0000000100000000)
  eden space 219136K, 0% used [0x00000000d5580000,0x00000000d5580000,0x00000000e2b80000)
  from space 15872K, 52% used [0x00000000e3a80000,0x00000000e42aabb8,0x00000000e4a00000)
  to   space 15360K, 0% used [0x00000000e2b80000,0x00000000e2b80000,0x00000000e3a80000)
 ParOldGen       total 93184K, used 10336K [0x0000000080000000, 0x0000000085b00000, 0x00000000d5580000)
  object space 93184K, 11% used [0x0000000080000000,0x0000000080a18008,0x0000000085b00000)
 Metaspace       used 34359K, capacity 35432K, committed 35496K, reserved 1079296K
  class space    used 4736K, capacity 5007K, committed 5040K, reserved 1048576K
}
Event: 2.143 GC heap before
{Heap before GC invocations=8 (full 2):
 PSYoungGen      total 235008K, used 8362K [0x00000000d5580000, 0x00000000e4a00000, 0x0000000100000000)
  eden space 219136K, 0% used [0x00000000d5580000,0x00000000d5580000,0x00000000e2b80000)
  from space 15872K, 52% used [0x00000000e3a80000,0x00000000e42aabb8,0x00000000e4a00000)
  to   space 15360K, 0% used [0x00000000e2b80000,0x00000000e2b80000,0x00000000e3a80000)
 ParOldGen       total 93184K, used 10336K [0x0000000080000000, 0x0000000085b00000, 0x00000000d5580000)
  object space 93184K, 11% used [0x0000000080000000,0x0000000080a18008,0x0000000085b00000)
 Metaspace       used 34359K, capacity 35432K, committed 35496K, reserved 1079296K
  class space    used 4736K, capacity 5007K, committed 5040K, reserved 1048576K
Event: 2.169 GC heap after
Heap after GC invocations=8 (full 2):
 PSYoungGen      total 235008K, used 0K [0x00000000d5580000, 0x00000000e4a00000, 0x0000000100000000)
  eden space 219136K, 0% used [0x00000000d5580000,0x00000000d5580000,0x00000000e2b80000)
  from space 15872K, 0% used [0x00000000e3a80000,0x00000000e3a80000,0x00000000e4a00000)
  to   space 15360K, 0% used [0x00000000e2b80000,0x00000000e2b80000,0x00000000e3a80000)
 ParOldGen       total 141824K, used 14724K [0x0000000080000000, 0x0000000088a80000, 0x00000000d5580000)
  object space 141824K, 10% used [0x0000000080000000,0x0000000080e61098,0x0000000088a80000)
 Metaspace       used 34359K, capacity 35432K, committed 35496K, reserved 1079296K
  class space    used 4736K, capacity 5007K, committed 5040K, reserved 1048576K
}
Event: 2.896 GC heap before
{Heap before GC invocations=9 (full 2):
 PSYoungGen      total 235008K, used 219136K [0x00000000d5580000, 0x00000000e4a00000, 0x0000000100000000)
  eden space 219136K, 100% used [0x00000000d5580000,0x00000000e2b80000,0x00000000e2b80000)
  from space 15872K, 0% used [0x00000000e3a80000,0x00000000e3a80000,0x00000000e4a00000)
  to   space 15360K, 0% used [0x00000000e2b80000,0x00000000e2b80000,0x00000000e3a80000)
 ParOldGen       total 141824K, used 14724K [0x0000000080000000, 0x0000000088a80000, 0x00000000d5580000)
  object space 141824K, 10% used [0x0000000080000000,0x0000000080e61098,0x0000000088a80000)
 Metaspace       used 45436K, capacity 47296K, committed 47528K, reserved 1089536K
  class space    used 6160K, capacity 6518K, committed 6576K, reserved 1048576K
Event: 2.905 GC heap after
Heap after GC invocations=9 (full 2):
 PSYoungGen      total 234496K, used 15340K [0x00000000d5580000, 0x00000000ebc00000, 0x0000000100000000)
  eden space 219136K, 0% used [0x00000000d5580000,0x00000000d5580000,0x00000000e2b80000)
  from space 15360K, 99% used [0x00000000e2b80000,0x00000000e3a7b278,0x00000000e3a80000)
  to   space 18432K, 0% used [0x00000000eaa00000,0x00000000eaa00000,0x00000000ebc00000)
 ParOldGen       total 141824K, used 16390K [0x0000000080000000, 0x0000000088a80000, 0x00000000d5580000)
  object space 141824K, 11% used [0x0000000080000000,0x0000000081001958,0x0000000088a80000)
 Metaspace       used 45436K, capacity 47296K, committed 47528K, reserved 1089536K
  class space    used 6160K, capacity 6518K, committed 6576K, reserved 1048576K
}
Event: 3.683 GC heap before
{Heap before GC invocations=10 (full 2):
 PSYoungGen      total 234496K, used 157484K [0x00000000d5580000, 0x00000000ebc00000, 0x0000000100000000)
  eden space 219136K, 64% used [0x00000000d5580000,0x00000000de050050,0x00000000e2b80000)
  from space 15360K, 99% used [0x00000000e2b80000,0x00000000e3a7b278,0x00000000e3a80000)
  to   space 18432K, 0% used [0x00000000eaa00000,0x00000000eaa00000,0x00000000ebc00000)
 ParOldGen       total 141824K, used 16390K [0x0000000080000000, 0x0000000088a80000, 0x00000000d5580000)
  object space 141824K, 11% used [0x0000000080000000,0x0000000081001958,0x0000000088a80000)
 Metaspace       used 56547K, capacity 58991K, committed 59160K, reserved 1099776K
  class space    used 7753K, capacity 8240K, committed 8240K, reserved 1048576K
Event: 3.693 GC heap after
Heap after GC invocations=10 (full 2):
 PSYoungGen      total 342528K, used 18402K [0x00000000d5580000, 0x00000000ec100000, 0x0000000100000000)
  eden space 324096K, 0% used [0x00000000d5580000,0x00000000d5580000,0x00000000e9200000)
  from space 18432K, 99% used [0x00000000eaa00000,0x00000000ebbf8800,0x00000000ebc00000)
  to   space 24064K, 0% used [0x00000000e9200000,0x00000000e9200000,0x00000000ea980000)
 ParOldGen       total 141824K, used 23522K [0x0000000080000000, 0x0000000088a80000, 0x00000000d5580000)
  object space 141824K, 16% used [0x0000000080000000,0x00000000816f8940,0x0000000088a80000)
 Metaspace       used 56547K, capacity 58991K, committed 59160K, reserved 1099776K
  class space    used 7753K, capacity 8240K, committed 8240K, reserved 1048576K
}
Event: 3.693 GC heap before
{Heap before GC invocations=11 (full 3):
 PSYoungGen      total 342528K, used 18402K [0x00000000d5580000, 0x00000000ec100000, 0x0000000100000000)
  eden space 324096K, 0% used [0x00000000d5580000,0x00000000d5580000,0x00000000e9200000)
  from space 18432K, 99% used [0x00000000eaa00000,0x00000000ebbf8800,0x00000000ebc00000)
  to   space 24064K, 0% used [0x00000000e9200000,0x00000000e9200000,0x00000000ea980000)
 ParOldGen       total 141824K, used 23522K [0x0000000080000000, 0x0000000088a80000, 0x00000000d5580000)
  object space 141824K, 16% used [0x0000000080000000,0x00000000816f8940,0x0000000088a80000)
 Metaspace       used 56547K, capacity 58991K, committed 59160K, reserved 1099776K
  class space    used 7753K, capacity 8240K, committed 8240K, reserved 1048576K
Event: 3.826 GC heap after
Heap after GC invocations=11 (full 3):
 PSYoungGen      total 342528K, used 0K [0x00000000d5580000, 0x00000000ec100000, 0x0000000100000000)
  eden space 324096K, 0% used [0x00000000d5580000,0x00000000d5580000,0x00000000e9200000)
  from space 18432K, 0% used [0x00000000eaa00000,0x00000000eaa00000,0x00000000ebc00000)
  to   space 24064K, 0% used [0x00000000e9200000,0x00000000e9200000,0x00000000ea980000)
 ParOldGen       total 216064K, used 37026K [0x0000000080000000, 0x000000008d300000, 0x00000000d5580000)
  object space 216064K, 17% used [0x0000000080000000,0x0000000082428ba8,0x000000008d300000)
 Metaspace       used 56469K, capacity 58727K, committed 59160K, reserved 1099776K
  class space    used 7729K, capacity 8196K, committed 8240K, reserved 1048576K
}

