# JRE version: OpenJDK Runtime Environment (8.0_242-b01) (build 1.8.0_242-release-1644-b01)
# Java VM: OpenJDK 64-Bit Server VM (25.242-b01 mixed mode windows-amd64 compressed oops)
Heap:
 PSYoungGen      total 353280K, used 351129K [0x00000000d5580000, 0x00000000f0a00000, 0x0000000100000000)
  eden space 329216K, 99% used [0x00000000d5580000,0x00000000e94e77b8,0x00000000e9700000)
  from space 24064K, 99% used [0x00000000e9700000,0x00000000eae7eff8,0x00000000eae80000)
  to   space 27648K, 0% used [0x00000000eef00000,0x00000000eef00000,0x00000000f0a00000)
 ParOldGen       total 207872K, used 36506K [0x0000000080000000, 0x000000008cb00000, 0x00000000d5580000)
  object space 207872K, 17% used [0x0000000080000000,0x00000000823a6aa8,0x000000008cb00000)
 Metaspace       used 68563K, capacity 72267K, committed 72600K, reserved 1112064K
  class space    used 9119K, capacity 9805K, committed 9904K, reserved 1048576K
GC Heap History (10 events):
Event: 2.509 GC heap before
{Heap before GC invocations=8 (full 2):
 PSYoungGen      total 236032K, used 8474K [0x00000000d5580000, 0x00000000e4c00000, 0x0000000100000000)
  eden space 221696K, 0% used [0x00000000d5580000,0x00000000d5580000,0x00000000e2e00000)
  from space 14336K, 59% used [0x00000000e3e00000,0x00000000e4646908,0x00000000e4c00000)
  to   space 15360K, 0% used [0x00000000e2e00000,0x00000000e2e00000,0x00000000e3d00000)
 ParOldGen       total 91648K, used 10276K [0x0000000080000000, 0x0000000085980000, 0x00000000d5580000)
  object space 91648K, 11% used [0x0000000080000000,0x0000000080a09310,0x0000000085980000)
 Metaspace       used 34359K, capacity 35432K, committed 35496K, reserved 1079296K
  class space    used 4735K, capacity 5007K, committed 5040K, reserved 1048576K
Event: 2.540 GC heap after
Heap after GC invocations=8 (full 2):
 PSYoungGen      total 236032K, used 0K [0x00000000d5580000, 0x00000000e4c00000, 0x0000000100000000)
  eden space 221696K, 0% used [0x00000000d5580000,0x00000000d5580000,0x00000000e2e00000)
  from space 14336K, 0% used [0x00000000e3e00000,0x00000000e3e00000,0x00000000e4c00000)
  to   space 15360K, 0% used [0x00000000e2e00000,0x00000000e2e00000,0x00000000e3d00000)
 ParOldGen       total 138240K, used 14694K [0x0000000080000000, 0x0000000088700000, 0x00000000d5580000)
  object space 138240K, 10% used [0x0000000080000000,0x0000000080e59930,0x0000000088700000)
 Metaspace       used 34359K, capacity 35432K, committed 35496K, reserved 1079296K
  class space    used 4735K, capacity 5007K, committed 5040K, reserved 1048576K
}
Event: 3.859 GC heap before
{Heap before GC invocations=9 (full 2):
 PSYoungGen      total 236032K, used 221696K [0x00000000d5580000, 0x00000000e4c00000, 0x0000000100000000)
  eden space 221696K, 100% used [0x00000000d5580000,0x00000000e2e00000,0x00000000e2e00000)
  from space 14336K, 0% used [0x00000000e3e00000,0x00000000e3e00000,0x00000000e4c00000)
  to   space 15360K, 0% used [0x00000000e2e00000,0x00000000e2e00000,0x00000000e3d00000)
 ParOldGen       total 138240K, used 14694K [0x0000000080000000, 0x0000000088700000, 0x00000000d5580000)
  object space 138240K, 10% used [0x0000000080000000,0x0000000080e59930,0x0000000088700000)
 Metaspace       used 46274K, capacity 48206K, committed 48424K, reserved 1091584K
  class space    used 6278K, capacity 6649K, committed 6704K, reserved 1048576K
Event: 3.869 GC heap after
Heap after GC invocations=9 (full 2):
 PSYoungGen      total 237056K, used 15329K [0x00000000d5580000, 0x00000000ec100000, 0x0000000100000000)
  eden space 221696K, 0% used [0x00000000d5580000,0x00000000d5580000,0x00000000e2e00000)
  from space 15360K, 99% used [0x00000000e2e00000,0x00000000e3cf8660,0x00000000e3d00000)
  to   space 18944K, 0% used [0x00000000eae80000,0x00000000eae80000,0x00000000ec100000)
 ParOldGen       total 138240K, used 17886K [0x0000000080000000, 0x0000000088700000, 0x00000000d5580000)
  object space 138240K, 12% used [0x0000000080000000,0x0000000081177ae8,0x0000000088700000)
 Metaspace       used 46274K, capacity 48206K, committed 48424K, reserved 1091584K
  class space    used 6278K, capacity 6649K, committed 6704K, reserved 1048576K
}
Event: 4.679 GC heap before
{Heap before GC invocations=10 (full 2):
 PSYoungGen      total 237056K, used 146235K [0x00000000d5580000, 0x00000000ec100000, 0x0000000100000000)
  eden space 221696K, 59% used [0x00000000d5580000,0x00000000dd556728,0x00000000e2e00000)
  from space 15360K, 99% used [0x00000000e2e00000,0x00000000e3cf8660,0x00000000e3d00000)
  to   space 18944K, 0% used [0x00000000eae80000,0x00000000eae80000,0x00000000ec100000)
 ParOldGen       total 138240K, used 17886K [0x0000000080000000, 0x0000000088700000, 0x00000000d5580000)
  object space 138240K, 12% used [0x0000000080000000,0x0000000081177ae8,0x0000000088700000)
 Metaspace       used 56555K, capacity 58979K, committed 59160K, reserved 1099776K
  class space    used 7753K, capacity 8240K, committed 8240K, reserved 1048576K
Event: 4.692 GC heap after
Heap after GC invocations=10 (full 2):
 PSYoungGen      total 348160K, used 18943K [0x00000000d5580000, 0x00000000ec780000, 0x0000000100000000)
  eden space 329216K, 0% used [0x00000000d5580000,0x00000000d5580000,0x00000000e9700000)
  from space 18944K, 99% used [0x00000000eae80000,0x00000000ec0fff20,0x00000000ec100000)
  to   space 24064K, 0% used [0x00000000e9700000,0x00000000e9700000,0x00000000eae80000)
 ParOldGen       total 138240K, used 23617K [0x0000000080000000, 0x0000000088700000, 0x00000000d5580000)
  object space 138240K, 17% used [0x0000000080000000,0x0000000081710648,0x0000000088700000)
 Metaspace       used 56555K, capacity 58979K, committed 59160K, reserved 1099776K
  class space    used 7753K, capacity 8240K, committed 8240K, reserved 1048576K
}
Event: 4.692 GC heap before
{Heap before GC invocations=11 (full 3):
 PSYoungGen      total 348160K, used 18943K [0x00000000d5580000, 0x00000000ec780000, 0x0000000100000000)
  eden space 329216K, 0% used [0x00000000d5580000,0x00000000d5580000,0x00000000e9700000)
  from space 18944K, 99% used [0x00000000eae80000,0x00000000ec0fff20,0x00000000ec100000)
  to   space 24064K, 0% used [0x00000000e9700000,0x00000000e9700000,0x00000000eae80000)
 ParOldGen       total 138240K, used 23617K [0x0000000080000000, 0x0000000088700000, 0x00000000d5580000)
  object space 138240K, 17% used [0x0000000080000000,0x0000000081710648,0x0000000088700000)
 Metaspace       used 56555K, capacity 58979K, committed 59160K, reserved 1099776K
  class space    used 7753K, capacity 8240K, committed 8240K, reserved 1048576K
Event: 4.828 GC heap after
Heap after GC invocations=11 (full 3):
 PSYoungGen      total 348160K, used 0K [0x00000000d5580000, 0x00000000ec780000, 0x0000000100000000)
  eden space 329216K, 0% used [0x00000000d5580000,0x00000000d5580000,0x00000000e9700000)
  from space 18944K, 0% used [0x00000000eae80000,0x00000000eae80000,0x00000000ec100000)
  to   space 24064K, 0% used [0x00000000e9700000,0x00000000e9700000,0x00000000eae80000)
 ParOldGen       total 207872K, used 36464K [0x0000000080000000, 0x000000008cb00000, 0x00000000d5580000)
  object space 207872K, 17% used [0x0000000080000000,0x000000008239c2a8,0x000000008cb00000)
 Metaspace       used 56478K, capacity 58715K, committed 59160K, reserved 1099776K
  class space    used 7729K, capacity 8196K, committed 8240K, reserved 1048576K
}
Event: 16.556 GC heap before
{Heap before GC invocations=12 (full 3):
 PSYoungGen      total 348160K, used 329216K [0x00000000d5580000, 0x00000000ec780000, 0x0000000100000000)
  eden space 329216K, 100% used [0x00000000d5580000,0x00000000e9700000,0x00000000e9700000)
  from space 18944K, 0% used [0x00000000eae80000,0x00000000eae80000,0x00000000ec100000)
  to   space 24064K, 0% used [0x00000000e9700000,0x00000000e9700000,0x00000000eae80000)
 ParOldGen       total 207872K, used 36464K [0x0000000080000000, 0x000000008cb00000, 0x00000000d5580000)
  object space 207872K, 17% used [0x0000000080000000,0x000000008239c2a8,0x000000008cb00000)
 Metaspace       used 67355K, capacity 70753K, committed 70936K, reserved 1110016K
  class space    used 9071K, capacity 9726K, committed 9776K, reserved 1048576K
Event: 16.567 GC heap after
Heap after GC invocations=12 (full 3):
 PSYoungGen      total 353280K, used 24059K [0x00000000d5580000, 0x00000000f0a00000, 0x0000000100000000)
  eden space 329216K, 0% used [0x00000000d5580000,0x00000000d5580000,0x00000000e9700000)
  from space 24064K, 99% used [0x00000000e9700000,0x00000000eae7eff8,0x00000000eae80000)
  to   space 27648K, 0% used [0x00000000eef00000,0x00000000eef00000,0x00000000f0a00000)
 ParOldGen       total 207872K, used 36506K [0x0000000080000000, 0x000000008cb00000, 0x00000000d5580000)
  object space 207872K, 17% used [0x0000000080000000,0x00000000823a6aa8,0x000000008cb00000)
 Metaspace       used 67355K, capacity 70753K, committed 70936K, reserved 1110016K
  class space    used 9071K, capacity 9726K, committed 9776K, reserved 1048576K
}

